<?xml version="1.0" encoding="UTF-8"?>
<testng-results ignored="0" total="2" passed="2" failed="0" skipped="0">
  <reporter-output>
  </reporter-output>
  <suite started-at="2018-11-16T12:46:51Z" name="All Pet Store Tests" finished-at="2018-11-16T12:47:03Z" duration-ms="11951">
    <groups>
    </groups>
    <test started-at="2018-11-16T12:46:51Z" name="Negative Login Tests" finished-at="2018-11-16T12:46:58Z" duration-ms="6837">
      <class name="tests.FailedLoginTests">
        <test-method is-config="true" signature="beforeClass()[pri:0, instance:tests.FailedLoginTests@f5958c9]" started-at="2018-11-16T12:46:51Z" name="beforeClass" finished-at="2018-11-16T12:46:52Z" duration-ms="757" status="PASS">
          <reporter-output>
          </reporter-output>
        </test-method> <!-- beforeClass -->
        <test-method is-config="true" signature="beforeTest()[pri:0, instance:tests.FailedLoginTests@f5958c9]" started-at="2018-11-16T12:46:52Z" name="beforeTest" finished-at="2018-11-16T12:46:56Z" duration-ms="4428" status="PASS">
          <reporter-output>
          </reporter-output>
        </test-method> <!-- beforeTest -->
        <test-method signature="asUserTryToLogInWithIncorrectLoginAndPassword()[pri:0, instance:tests.FailedLoginTests@f5958c9]" started-at="2018-11-16T12:46:56Z" name="asUserTryToLogInWithIncorrectLoginAndPassword" finished-at="2018-11-16T12:46:57Z" duration-ms="918" status="PASS">
          <reporter-output>
          </reporter-output>
        </test-method> <!-- asUserTryToLogInWithIncorrectLoginAndPassword -->
        <test-method is-config="true" signature="afterTest()[pri:0, instance:tests.FailedLoginTests@f5958c9]" started-at="2018-11-16T12:46:57Z" name="afterTest" finished-at="2018-11-16T12:46:58Z" duration-ms="697" status="PASS">
          <reporter-output>
          </reporter-output>
        </test-method> <!-- afterTest -->
      </class> <!-- tests.FailedLoginTests -->
    </test> <!-- Negative Login Tests -->
    <test started-at="2018-11-16T12:46:58Z" name="Positive Login Tests" finished-at="2018-11-16T12:47:03Z" duration-ms="5079">
      <class name="tests.PositiveLoginTests">
        <test-method is-config="true" signature="beforeClass()[pri:0, instance:tests.PositiveLoginTests@24aed80c]" started-at="2018-11-16T12:46:58Z" name="beforeClass" finished-at="2018-11-16T12:46:58Z" duration-ms="3" status="PASS">
          <reporter-output>
          </reporter-output>
        </test-method> <!-- beforeClass -->
        <test-method is-config="true" signature="beforeTest()[pri:0, instance:tests.PositiveLoginTests@24aed80c]" started-at="2018-11-16T12:46:58Z" name="beforeTest" finished-at="2018-11-16T12:47:01Z" duration-ms="3597" status="PASS">
          <reporter-output>
          </reporter-output>
        </test-method> <!-- beforeTest -->
        <test-method signature="asUserLoginUsingValidLoginAndPassword()[pri:0, instance:tests.PositiveLoginTests@24aed80c]" started-at="2018-11-16T12:47:01Z" name="asUserLoginUsingValidLoginAndPassword" finished-at="2018-11-16T12:47:02Z" duration-ms="802" status="PASS">
          <reporter-output>
          </reporter-output>
        </test-method> <!-- asUserLoginUsingValidLoginAndPassword -->
        <test-method is-config="true" signature="afterTest()[pri:0, instance:tests.PositiveLoginTests@24aed80c]" started-at="2018-11-16T12:47:02Z" name="afterTest" finished-at="2018-11-16T12:47:03Z" duration-ms="675" status="PASS">
          <reporter-output>
          </reporter-output>
        </test-method> <!-- afterTest -->
      </class> <!-- tests.PositiveLoginTests -->
    </test> <!-- Positive Login Tests -->
  </suite> <!-- All Pet Store Tests -->
</testng-results>
